Build started 27/11/2017 17:33:44.
     1>Project "C:\Users\Ben\Dropbox\Uni\Year 2\Object Oriented Programming\Object Oriented Programming Assignment\CMP2090M Assignment - MAR14560059\WheresWally\WheresWally.vcxproj" on node 2 (Build target(s)).
     1>ClCompile:
         C:\Program Files (x86)\Microsoft Visual Studio 14.0\VC\bin\CL.exe /c /ZI /nologo /W3 /WX- /sdl /Od /Oy- /D WIN32 /D _DEBUG /D _CONSOLE /D _UNICODE /D UNICODE /Gm /EHsc /RTC1 /MDd /GS /fp:precise /Zc:wchar_t /Zc:forScope /Zc:inline /Yc"stdafx.h" /Fp"Debug\WheresWally.pch" /Fo"Debug\\" /Fd"Debug\vc140.pdb" /Gd /TP /analyze- /errorReport:prompt stdafx.cpp
         stdafx.cpp
         C:\Program Files (x86)\Microsoft Visual Studio 14.0\VC\bin\CL.exe /c /ZI /nologo /W3 /WX- /sdl /Od /Oy- /D WIN32 /D _DEBUG /D _CONSOLE /D _UNICODE /D UNICODE /Gm /EHsc /RTC1 /MDd /GS /fp:precise /Zc:wchar_t /Zc:forScope /Zc:inline /Fo"Debug\\" /Fd"Debug\vc140.pdb" /Gd /TP /analyze- /errorReport:prompt LargeImage.cpp MatchImage.cpp Matrix.cpp WallyMain.cpp
         WallyMain.cpp
         Matrix.cpp
         MatchImage.cpp
         LargeImage.cpp
         Generating Code...
       Link:
         C:\Program Files (x86)\Microsoft Visual Studio 14.0\VC\bin\link.exe /ERRORREPORT:PROMPT /OUT:"C:\Users\Ben\Dropbox\Uni\Year 2\Object Oriented Programming\Object Oriented Programming Assignment\CMP2090M Assignment - MAR14560059\Debug\WheresWally.exe" /INCREMENTAL /NOLOGO kernel32.lib user32.lib gdi32.lib winspool.lib comdlg32.lib advapi32.lib shell32.lib ole32.lib oleaut32.lib uuid.lib odbc32.lib odbccp32.lib /MANIFEST /MANIFESTUAC:"level='asInvoker' uiAccess='false'" /manifest:embed /Debug /PDB:"C:\Users\Ben\Dropbox\Uni\Year 2\Object Oriented Programming\Object Oriented Programming Assignment\CMP2090M Assignment - MAR14560059\Debug\WheresWally.pdb" /SUBSYSTEM:CONSOLE /TLBID:1 /DYNAMICBASE /NXCOMPAT /IMPLIB:"C:\Users\Ben\Dropbox\Uni\Year 2\Object Oriented Programming\Object Oriented Programming Assignment\CMP2090M Assignment - MAR14560059\Debug\WheresWally.lib" /MACHINE:X86 Debug\LargeImage.obj
         Debug\MatchImage.obj
         Debug\Matrix.obj
         Debug\stdafx.obj
         Debug\WallyMain.obj
         WheresWally.vcxproj -> C:\Users\Ben\Dropbox\Uni\Year 2\Object Oriented Programming\Object Oriented Programming Assignment\CMP2090M Assignment - MAR14560059\Debug\WheresWally.exe
     1>Done Building Project "C:\Users\Ben\Dropbox\Uni\Year 2\Object Oriented Programming\Object Oriented Programming Assignment\CMP2090M Assignment - MAR14560059\WheresWally\WheresWally.vcxproj" (Build target(s)).

Build succeeded.

Time Elapsed 00:00:13.25
